05:19:36.627 [main] DEBUG api.test.UserTests - debugging.....
05:19:36.660 [main] INFO  api.test.UserTests - ********** Creating user  ***************
05:20:03.838 [main] INFO  api.test.UserTests - **********User is created  ***************
05:20:03.856 [main] INFO  api.test.UserTests - ********** Reading User Info ***************
05:20:05.048 [main] INFO  api.test.UserTests - **********User info  is displayed ***************
05:20:05.054 [main] INFO  api.test.UserTests - ********** Updating User ***************
05:20:27.160 [main] INFO  api.test.UserTests - ********** User updated ***************
05:20:49.270 [main] INFO  api.test.UserTests - **********   Deleting User  ***************
05:23:34.356 [main] DEBUG org.apache.poi.openxml4j.opc.PackageRelationshipCollection - Parsing relationship: /xl/_rels/workbook.xml.rels
05:23:34.362 [main] DEBUG org.apache.poi.openxml4j.opc.PackageRelationshipCollection - Parsing relationship: /xl/worksheets/_rels/sheet1.xml.rels
05:23:34.363 [main] DEBUG org.apache.poi.openxml4j.opc.PackageRelationshipCollection - Parsing relationship: /_rels/.rels
05:23:34.785 [main] DEBUG org.apache.poi.ooxml.POIXMLFactory - using default POIXMLDocumentPart for http://schemas.openxmlformats.org/officeDocument/2006/relationships/printerSettings
05:23:34.869 [main] DEBUG org.apache.poi.openxml4j.opc.PackageRelationshipCollection - Parsing relationship: /xl/_rels/workbook.xml.rels
05:23:34.869 [main] DEBUG org.apache.poi.openxml4j.opc.PackageRelationshipCollection - Parsing relationship: /xl/worksheets/_rels/sheet1.xml.rels
05:23:34.870 [main] DEBUG org.apache.poi.openxml4j.opc.PackageRelationshipCollection - Parsing relationship: /_rels/.rels
05:23:34.883 [main] DEBUG org.apache.poi.ooxml.POIXMLFactory - using default POIXMLDocumentPart for http://schemas.openxmlformats.org/officeDocument/2006/relationships/printerSettings
05:23:34.898 [main] DEBUG org.apache.poi.openxml4j.opc.PackageRelationshipCollection - Parsing relationship: /xl/_rels/workbook.xml.rels
05:23:34.899 [main] DEBUG org.apache.poi.openxml4j.opc.PackageRelationshipCollection - Parsing relationship: /xl/worksheets/_rels/sheet1.xml.rels
05:23:34.899 [main] DEBUG org.apache.poi.openxml4j.opc.PackageRelationshipCollection - Parsing relationship: /_rels/.rels
05:23:34.910 [main] DEBUG org.apache.poi.ooxml.POIXMLFactory - using default POIXMLDocumentPart for http://schemas.openxmlformats.org/officeDocument/2006/relationships/printerSettings
05:23:34.956 [main] DEBUG org.apache.poi.openxml4j.opc.PackageRelationshipCollection - Parsing relationship: /xl/_rels/workbook.xml.rels
05:23:34.957 [main] DEBUG org.apache.poi.openxml4j.opc.PackageRelationshipCollection - Parsing relationship: /xl/worksheets/_rels/sheet1.xml.rels
05:23:34.957 [main] DEBUG org.apache.poi.openxml4j.opc.PackageRelationshipCollection - Parsing relationship: /_rels/.rels
05:23:34.970 [main] DEBUG org.apache.poi.ooxml.POIXMLFactory - using default POIXMLDocumentPart for http://schemas.openxmlformats.org/officeDocument/2006/relationships/printerSettings
05:23:34.986 [main] DEBUG org.apache.poi.openxml4j.opc.PackageRelationshipCollection - Parsing relationship: /xl/_rels/workbook.xml.rels
05:23:34.987 [main] DEBUG org.apache.poi.openxml4j.opc.PackageRelationshipCollection - Parsing relationship: /xl/worksheets/_rels/sheet1.xml.rels
05:23:34.987 [main] DEBUG org.apache.poi.openxml4j.opc.PackageRelationshipCollection - Parsing relationship: /_rels/.rels
05:23:34.997 [main] DEBUG org.apache.poi.ooxml.POIXMLFactory - using default POIXMLDocumentPart for http://schemas.openxmlformats.org/officeDocument/2006/relationships/printerSettings
05:23:35.011 [main] DEBUG org.apache.poi.openxml4j.opc.PackageRelationshipCollection - Parsing relationship: /xl/_rels/workbook.xml.rels
05:23:35.012 [main] DEBUG org.apache.poi.openxml4j.opc.PackageRelationshipCollection - Parsing relationship: /xl/worksheets/_rels/sheet1.xml.rels
05:23:35.013 [main] DEBUG org.apache.poi.openxml4j.opc.PackageRelationshipCollection - Parsing relationship: /_rels/.rels
05:23:35.023 [main] DEBUG org.apache.poi.ooxml.POIXMLFactory - using default POIXMLDocumentPart for http://schemas.openxmlformats.org/officeDocument/2006/relationships/printerSettings
05:23:35.037 [main] DEBUG org.apache.poi.openxml4j.opc.PackageRelationshipCollection - Parsing relationship: /xl/_rels/workbook.xml.rels
05:23:35.038 [main] DEBUG org.apache.poi.openxml4j.opc.PackageRelationshipCollection - Parsing relationship: /xl/worksheets/_rels/sheet1.xml.rels
05:23:35.039 [main] DEBUG org.apache.poi.openxml4j.opc.PackageRelationshipCollection - Parsing relationship: /_rels/.rels
05:23:35.048 [main] DEBUG org.apache.poi.ooxml.POIXMLFactory - using default POIXMLDocumentPart for http://schemas.openxmlformats.org/officeDocument/2006/relationships/printerSettings
05:23:35.059 [main] DEBUG org.apache.poi.openxml4j.opc.PackageRelationshipCollection - Parsing relationship: /xl/_rels/workbook.xml.rels
05:23:35.060 [main] DEBUG org.apache.poi.openxml4j.opc.PackageRelationshipCollection - Parsing relationship: /xl/worksheets/_rels/sheet1.xml.rels
05:23:35.061 [main] DEBUG org.apache.poi.openxml4j.opc.PackageRelationshipCollection - Parsing relationship: /_rels/.rels
05:23:35.071 [main] DEBUG org.apache.poi.ooxml.POIXMLFactory - using default POIXMLDocumentPart for http://schemas.openxmlformats.org/officeDocument/2006/relationships/printerSettings
05:23:35.082 [main] DEBUG org.apache.poi.openxml4j.opc.PackageRelationshipCollection - Parsing relationship: /xl/_rels/workbook.xml.rels
05:23:35.083 [main] DEBUG org.apache.poi.openxml4j.opc.PackageRelationshipCollection - Parsing relationship: /xl/worksheets/_rels/sheet1.xml.rels
05:23:35.084 [main] DEBUG org.apache.poi.openxml4j.opc.PackageRelationshipCollection - Parsing relationship: /_rels/.rels
05:23:35.092 [main] DEBUG org.apache.poi.ooxml.POIXMLFactory - using default POIXMLDocumentPart for http://schemas.openxmlformats.org/officeDocument/2006/relationships/printerSettings
05:23:35.103 [main] DEBUG org.apache.poi.openxml4j.opc.PackageRelationshipCollection - Parsing relationship: /xl/_rels/workbook.xml.rels
05:23:35.104 [main] DEBUG org.apache.poi.openxml4j.opc.PackageRelationshipCollection - Parsing relationship: /xl/worksheets/_rels/sheet1.xml.rels
05:23:35.104 [main] DEBUG org.apache.poi.openxml4j.opc.PackageRelationshipCollection - Parsing relationship: /_rels/.rels
05:23:35.112 [main] DEBUG org.apache.poi.ooxml.POIXMLFactory - using default POIXMLDocumentPart for http://schemas.openxmlformats.org/officeDocument/2006/relationships/printerSettings
05:23:35.125 [main] DEBUG org.apache.poi.openxml4j.opc.PackageRelationshipCollection - Parsing relationship: /xl/_rels/workbook.xml.rels
05:23:35.126 [main] DEBUG org.apache.poi.openxml4j.opc.PackageRelationshipCollection - Parsing relationship: /xl/worksheets/_rels/sheet1.xml.rels
05:23:35.127 [main] DEBUG org.apache.poi.openxml4j.opc.PackageRelationshipCollection - Parsing relationship: /_rels/.rels
05:23:35.134 [main] DEBUG org.apache.poi.ooxml.POIXMLFactory - using default POIXMLDocumentPart for http://schemas.openxmlformats.org/officeDocument/2006/relationships/printerSettings
05:23:35.146 [main] DEBUG org.apache.poi.openxml4j.opc.PackageRelationshipCollection - Parsing relationship: /xl/_rels/workbook.xml.rels
05:23:35.147 [main] DEBUG org.apache.poi.openxml4j.opc.PackageRelationshipCollection - Parsing relationship: /xl/worksheets/_rels/sheet1.xml.rels
05:23:35.147 [main] DEBUG org.apache.poi.openxml4j.opc.PackageRelationshipCollection - Parsing relationship: /_rels/.rels
05:23:35.157 [main] DEBUG org.apache.poi.ooxml.POIXMLFactory - using default POIXMLDocumentPart for http://schemas.openxmlformats.org/officeDocument/2006/relationships/printerSettings
05:23:35.171 [main] DEBUG org.apache.poi.openxml4j.opc.PackageRelationshipCollection - Parsing relationship: /xl/_rels/workbook.xml.rels
05:23:35.172 [main] DEBUG org.apache.poi.openxml4j.opc.PackageRelationshipCollection - Parsing relationship: /xl/worksheets/_rels/sheet1.xml.rels
05:23:35.173 [main] DEBUG org.apache.poi.openxml4j.opc.PackageRelationshipCollection - Parsing relationship: /_rels/.rels
05:23:35.180 [main] DEBUG org.apache.poi.ooxml.POIXMLFactory - using default POIXMLDocumentPart for http://schemas.openxmlformats.org/officeDocument/2006/relationships/printerSettings
05:23:35.190 [main] DEBUG org.apache.poi.openxml4j.opc.PackageRelationshipCollection - Parsing relationship: /xl/_rels/workbook.xml.rels
05:23:35.191 [main] DEBUG org.apache.poi.openxml4j.opc.PackageRelationshipCollection - Parsing relationship: /xl/worksheets/_rels/sheet1.xml.rels
05:23:35.191 [main] DEBUG org.apache.poi.openxml4j.opc.PackageRelationshipCollection - Parsing relationship: /_rels/.rels
05:23:35.199 [main] DEBUG org.apache.poi.ooxml.POIXMLFactory - using default POIXMLDocumentPart for http://schemas.openxmlformats.org/officeDocument/2006/relationships/printerSettings
05:23:35.208 [main] DEBUG org.apache.poi.openxml4j.opc.PackageRelationshipCollection - Parsing relationship: /xl/_rels/workbook.xml.rels
05:23:35.209 [main] DEBUG org.apache.poi.openxml4j.opc.PackageRelationshipCollection - Parsing relationship: /xl/worksheets/_rels/sheet1.xml.rels
05:23:35.210 [main] DEBUG org.apache.poi.openxml4j.opc.PackageRelationshipCollection - Parsing relationship: /_rels/.rels
05:23:35.216 [main] DEBUG org.apache.poi.ooxml.POIXMLFactory - using default POIXMLDocumentPart for http://schemas.openxmlformats.org/officeDocument/2006/relationships/printerSettings
05:23:35.226 [main] DEBUG org.apache.poi.openxml4j.opc.PackageRelationshipCollection - Parsing relationship: /xl/_rels/workbook.xml.rels
05:23:35.227 [main] DEBUG org.apache.poi.openxml4j.opc.PackageRelationshipCollection - Parsing relationship: /xl/worksheets/_rels/sheet1.xml.rels
05:23:35.227 [main] DEBUG org.apache.poi.openxml4j.opc.PackageRelationshipCollection - Parsing relationship: /_rels/.rels
05:23:35.238 [main] DEBUG org.apache.poi.ooxml.POIXMLFactory - using default POIXMLDocumentPart for http://schemas.openxmlformats.org/officeDocument/2006/relationships/printerSettings
05:23:35.250 [main] DEBUG org.apache.poi.openxml4j.opc.PackageRelationshipCollection - Parsing relationship: /xl/_rels/workbook.xml.rels
05:23:35.250 [main] DEBUG org.apache.poi.openxml4j.opc.PackageRelationshipCollection - Parsing relationship: /xl/worksheets/_rels/sheet1.xml.rels
05:23:35.251 [main] DEBUG org.apache.poi.openxml4j.opc.PackageRelationshipCollection - Parsing relationship: /_rels/.rels
05:23:35.257 [main] DEBUG org.apache.poi.ooxml.POIXMLFactory - using default POIXMLDocumentPart for http://schemas.openxmlformats.org/officeDocument/2006/relationships/printerSettings
05:23:35.265 [main] DEBUG org.apache.poi.openxml4j.opc.PackageRelationshipCollection - Parsing relationship: /xl/_rels/workbook.xml.rels
05:23:35.266 [main] DEBUG org.apache.poi.openxml4j.opc.PackageRelationshipCollection - Parsing relationship: /xl/worksheets/_rels/sheet1.xml.rels
05:23:35.266 [main] DEBUG org.apache.poi.openxml4j.opc.PackageRelationshipCollection - Parsing relationship: /_rels/.rels
05:23:35.272 [main] DEBUG org.apache.poi.ooxml.POIXMLFactory - using default POIXMLDocumentPart for http://schemas.openxmlformats.org/officeDocument/2006/relationships/printerSettings
05:23:35.281 [main] DEBUG org.apache.poi.openxml4j.opc.PackageRelationshipCollection - Parsing relationship: /xl/_rels/workbook.xml.rels
05:23:35.282 [main] DEBUG org.apache.poi.openxml4j.opc.PackageRelationshipCollection - Parsing relationship: /xl/worksheets/_rels/sheet1.xml.rels
05:23:35.282 [main] DEBUG org.apache.poi.openxml4j.opc.PackageRelationshipCollection - Parsing relationship: /_rels/.rels
05:23:35.288 [main] DEBUG org.apache.poi.ooxml.POIXMLFactory - using default POIXMLDocumentPart for http://schemas.openxmlformats.org/officeDocument/2006/relationships/printerSettings
05:23:35.296 [main] DEBUG org.apache.poi.openxml4j.opc.PackageRelationshipCollection - Parsing relationship: /xl/_rels/workbook.xml.rels
05:23:35.296 [main] DEBUG org.apache.poi.openxml4j.opc.PackageRelationshipCollection - Parsing relationship: /xl/worksheets/_rels/sheet1.xml.rels
05:23:35.297 [main] DEBUG org.apache.poi.openxml4j.opc.PackageRelationshipCollection - Parsing relationship: /_rels/.rels
05:23:35.303 [main] DEBUG org.apache.poi.ooxml.POIXMLFactory - using default POIXMLDocumentPart for http://schemas.openxmlformats.org/officeDocument/2006/relationships/printerSettings
05:23:35.312 [main] DEBUG org.apache.poi.openxml4j.opc.PackageRelationshipCollection - Parsing relationship: /xl/_rels/workbook.xml.rels
05:23:35.313 [main] DEBUG org.apache.poi.openxml4j.opc.PackageRelationshipCollection - Parsing relationship: /xl/worksheets/_rels/sheet1.xml.rels
05:23:35.313 [main] DEBUG org.apache.poi.openxml4j.opc.PackageRelationshipCollection - Parsing relationship: /_rels/.rels
05:23:35.319 [main] DEBUG org.apache.poi.ooxml.POIXMLFactory - using default POIXMLDocumentPart for http://schemas.openxmlformats.org/officeDocument/2006/relationships/printerSettings
05:23:35.327 [main] DEBUG org.apache.poi.openxml4j.opc.PackageRelationshipCollection - Parsing relationship: /xl/_rels/workbook.xml.rels
05:23:35.327 [main] DEBUG org.apache.poi.openxml4j.opc.PackageRelationshipCollection - Parsing relationship: /xl/worksheets/_rels/sheet1.xml.rels
05:23:35.328 [main] DEBUG org.apache.poi.openxml4j.opc.PackageRelationshipCollection - Parsing relationship: /_rels/.rels
05:23:35.334 [main] DEBUG org.apache.poi.ooxml.POIXMLFactory - using default POIXMLDocumentPart for http://schemas.openxmlformats.org/officeDocument/2006/relationships/printerSettings
05:23:35.342 [main] DEBUG org.apache.poi.openxml4j.opc.PackageRelationshipCollection - Parsing relationship: /xl/_rels/workbook.xml.rels
05:23:35.342 [main] DEBUG org.apache.poi.openxml4j.opc.PackageRelationshipCollection - Parsing relationship: /xl/worksheets/_rels/sheet1.xml.rels
05:23:35.343 [main] DEBUG org.apache.poi.openxml4j.opc.PackageRelationshipCollection - Parsing relationship: /_rels/.rels
05:23:35.349 [main] DEBUG org.apache.poi.ooxml.POIXMLFactory - using default POIXMLDocumentPart for http://schemas.openxmlformats.org/officeDocument/2006/relationships/printerSettings
05:24:01.415 [main] DEBUG org.apache.poi.openxml4j.opc.PackageRelationshipCollection - Parsing relationship: /xl/_rels/workbook.xml.rels
05:24:01.416 [main] DEBUG org.apache.poi.openxml4j.opc.PackageRelationshipCollection - Parsing relationship: /xl/worksheets/_rels/sheet1.xml.rels
05:24:01.416 [main] DEBUG org.apache.poi.openxml4j.opc.PackageRelationshipCollection - Parsing relationship: /_rels/.rels
05:24:01.423 [main] DEBUG org.apache.poi.ooxml.POIXMLFactory - using default POIXMLDocumentPart for http://schemas.openxmlformats.org/officeDocument/2006/relationships/printerSettings
05:24:01.429 [main] DEBUG org.apache.poi.openxml4j.opc.PackageRelationshipCollection - Parsing relationship: /xl/_rels/workbook.xml.rels
05:24:01.430 [main] DEBUG org.apache.poi.openxml4j.opc.PackageRelationshipCollection - Parsing relationship: /xl/worksheets/_rels/sheet1.xml.rels
05:24:01.430 [main] DEBUG org.apache.poi.openxml4j.opc.PackageRelationshipCollection - Parsing relationship: /_rels/.rels
05:24:01.436 [main] DEBUG org.apache.poi.ooxml.POIXMLFactory - using default POIXMLDocumentPart for http://schemas.openxmlformats.org/officeDocument/2006/relationships/printerSettings
05:24:01.443 [main] DEBUG org.apache.poi.openxml4j.opc.PackageRelationshipCollection - Parsing relationship: /xl/_rels/workbook.xml.rels
05:24:01.443 [main] DEBUG org.apache.poi.openxml4j.opc.PackageRelationshipCollection - Parsing relationship: /xl/worksheets/_rels/sheet1.xml.rels
05:24:01.444 [main] DEBUG org.apache.poi.openxml4j.opc.PackageRelationshipCollection - Parsing relationship: /_rels/.rels
05:24:01.448 [main] DEBUG org.apache.poi.ooxml.POIXMLFactory - using default POIXMLDocumentPart for http://schemas.openxmlformats.org/officeDocument/2006/relationships/printerSettings
05:24:01.455 [main] DEBUG org.apache.poi.openxml4j.opc.PackageRelationshipCollection - Parsing relationship: /xl/_rels/workbook.xml.rels
05:24:01.455 [main] DEBUG org.apache.poi.openxml4j.opc.PackageRelationshipCollection - Parsing relationship: /xl/worksheets/_rels/sheet1.xml.rels
05:24:01.459 [main] DEBUG org.apache.poi.openxml4j.opc.PackageRelationshipCollection - Parsing relationship: /_rels/.rels
05:24:01.464 [main] DEBUG org.apache.poi.ooxml.POIXMLFactory - using default POIXMLDocumentPart for http://schemas.openxmlformats.org/officeDocument/2006/relationships/printerSettings
05:27:01.289 [main] DEBUG api.test.UserTests - debugging.....
05:27:01.317 [main] INFO  api.test.UserTests - ********** Creating user  ***************
05:27:06.325 [main] INFO  api.test.UserTests - **********User is created  ***************
05:27:06.331 [main] INFO  api.test.UserTests - ********** Reading User Info ***************
05:27:48.438 [main] INFO  api.test.UserTests - ********** Updating User ***************
05:27:49.475 [main] INFO  api.test.UserTests - ********** User updated ***************
05:27:50.510 [main] INFO  api.test.UserTests - **********   Deleting User  ***************
05:28:12.615 [main] INFO  api.test.UserTests - ********** User deleted ***************
05:28:29.734 [main] DEBUG api.test.UserTests - debugging.....
05:28:29.766 [main] INFO  api.test.UserTests - ********** Creating user  ***************
05:28:35.472 [main] INFO  api.test.UserTests - **********User is created  ***************
05:28:35.515 [main] INFO  api.test.UserTests - ********** Reading User Info ***************
05:28:36.633 [main] INFO  api.test.UserTests - **********User info  is displayed ***************
05:28:36.650 [main] INFO  api.test.UserTests - ********** Updating User ***************
05:29:18.802 [main] INFO  api.test.UserTests - **********   Deleting User  ***************
05:29:40.893 [main] INFO  api.test.UserTests - ********** User deleted ***************
05:40:36.005 [main] DEBUG api.test.UserTests2 - debugging.....
05:40:36.055 [main] INFO  api.test.UserTests2 - ********** Creating user  ***************
05:41:23.167 [main] INFO  api.test.UserTests2 - ********** Reading User Info ***************
05:41:45.807 [main] INFO  api.test.UserTests2 - ********** Updating User ***************
05:41:46.922 [main] INFO  api.test.UserTests2 - ********** User updated ***************
05:41:47.971 [main] INFO  api.test.UserTests2 - **********   Deleting User  ***************
05:42:10.040 [main] INFO  api.test.UserTests2 - ********** User deleted ***************
05:43:30.388 [main] DEBUG api.test.UserTests2 - debugging.....
05:43:30.422 [main] INFO  api.test.UserTests2 - ********** Creating user  ***************
05:43:37.869 [main] INFO  api.test.UserTests2 - **********User is creatged  ***************
05:43:37.995 [main] INFO  api.test.UserTests2 - ********** Reading User Info ***************
05:43:39.347 [main] INFO  api.test.UserTests2 - **********User info  is displayed ***************
05:43:39.361 [main] INFO  api.test.UserTests2 - ********** Updating User ***************
05:43:40.944 [main] INFO  api.test.UserTests2 - ********** User updated ***************
05:43:42.411 [main] INFO  api.test.UserTests2 - **********   Deleting User  ***************
05:43:43.882 [main] INFO  api.test.UserTests2 - ********** User deleted ***************
05:47:10.927 [main] DEBUG api.test.UserTests2 - debugging.....
05:47:10.951 [main] INFO  api.test.UserTests2 - ********** Creating user  ***************
05:47:17.773 [main] INFO  api.test.UserTests2 - **********User is creatged  ***************
05:47:17.813 [main] INFO  api.test.UserTests2 - ********** Reading User Info ***************
05:47:19.379 [main] INFO  api.test.UserTests2 - **********User info  is displayed ***************
05:47:19.381 [main] INFO  api.test.UserTests2 - ********** Updating User ***************
05:47:21.007 [main] INFO  api.test.UserTests2 - ********** User updated ***************
05:47:22.392 [main] INFO  api.test.UserTests2 - **********   Deleting User  ***************
05:47:23.561 [main] INFO  api.test.UserTests2 - ********** User deleted ***************
13:36:09.642 [main] DEBUG api.test.UserTests2 - debugging.....
13:36:09.658 [main] INFO  api.test.UserTests2 - ********** Creating user  ***************
13:36:33.906 [main] INFO  api.test.UserTests2 - **********User is creatged  ***************
13:36:33.917 [main] INFO  api.test.UserTests2 - ********** Reading User Info ***************
13:36:56.007 [main] INFO  api.test.UserTests2 - **********User info  is displayed ***************
13:36:56.009 [main] INFO  api.test.UserTests2 - ********** Updating User ***************
13:36:57.038 [main] INFO  api.test.UserTests2 - ********** User updated ***************
13:36:58.147 [main] INFO  api.test.UserTests2 - **********   Deleting User  ***************
13:37:20.401 [main] INFO  api.test.UserTests2 - ********** User deleted ***************
13:39:08.695 [main] DEBUG api.test.UserTests2 - debugging.....
13:39:08.712 [main] INFO  api.test.UserTests2 - ********** Creating user  ***************
13:39:12.824 [main] INFO  api.test.UserTests2 - **********User is creatged  ***************
13:39:12.837 [main] INFO  api.test.UserTests2 - ********** Reading User Info ***************
13:39:54.953 [main] INFO  api.test.UserTests2 - ********** Updating User ***************
13:39:56.028 [main] INFO  api.test.UserTests2 - ********** User updated ***************
13:40:18.219 [main] INFO  api.test.UserTests2 - **********   Deleting User  ***************
13:40:19.241 [main] INFO  api.test.UserTests2 - ********** User deleted ***************
13:40:49.574 [main] DEBUG api.test.UserTests2 - debugging.....
13:40:49.589 [main] INFO  api.test.UserTests2 - ********** Creating user  ***************
13:41:33.829 [main] INFO  api.test.UserTests2 - ********** Reading User Info ***************
13:41:56.337 [main] INFO  api.test.UserTests2 - ********** Updating User ***************
13:42:38.428 [main] INFO  api.test.UserTests2 - **********   Deleting User  ***************
13:43:32.346 [main] DEBUG api.test.UserTests2 - debugging.....
13:43:32.365 [main] INFO  api.test.UserTests2 - ********** Creating user  ***************
13:43:38.479 [main] INFO  api.test.UserTests2 - **********User is creatged  ***************
13:43:38.507 [main] INFO  api.test.UserTests2 - ********** Reading User Info ***************
13:43:39.733 [main] INFO  api.test.UserTests2 - **********User info  is displayed ***************
13:43:39.737 [main] INFO  api.test.UserTests2 - ********** Updating User ***************
13:43:41.199 [main] INFO  api.test.UserTests2 - ********** User updated ***************
13:43:43.415 [main] INFO  api.test.UserTests2 - **********   Deleting User  ***************
13:43:44.976 [main] INFO  api.test.UserTests2 - ********** User deleted ***************
13:46:44.727 [main] DEBUG api.test.UserTests2 - debugging.....
13:46:44.740 [main] INFO  api.test.UserTests2 - ********** Creating user  ***************
13:46:48.802 [main] INFO  api.test.UserTests2 - **********User is creatged  ***************
13:46:48.813 [main] INFO  api.test.UserTests2 - ********** Reading User Info ***************
13:46:51.014 [main] INFO  api.test.UserTests2 - **********User info  is displayed ***************
13:46:51.015 [main] INFO  api.test.UserTests2 - ********** Updating User ***************
13:46:55.108 [main] INFO  api.test.UserTests2 - ********** User updated ***************
13:46:58.817 [main] INFO  api.test.UserTests2 - **********   Deleting User  ***************
13:47:01.349 [main] INFO  api.test.UserTests2 - ********** User deleted ***************
